[2015-09-17 12:29:33] 2015-09-17_teamwork.log.INFO: Inicio flujo de CategoryProject ["MainCategoryProject.php::31"] []
[2015-09-17 12:29:51] 2015-09-17_teamwork.log.INFO: Respuesta de api exitosa ["MainCategoryProject.php::36"] []
[2015-09-17 12:29:51] 2015-09-17_teamwork.log.INFO: Array (     [0] => Demo Teamwork     [1] => 10015     [2] => ProjectCategory     [3] => null )  ["MainCategoryProject.php::48"] []
[2015-09-17 12:29:52] 2015-09-17_teamwork.log.INFO: Array (     [0] => Interno     [1] => 8352     [2] => ProjectCategory     [3] => null )  ["MainCategoryProject.php::48"] []
[2015-09-17 12:29:52] 2015-09-17_teamwork.log.INFO: Array (     [0] => Operativa     [1] => 7939     [2] => ProjectCategory     [3] => null )  ["MainCategoryProject.php::48"] []
[2015-09-17 12:31:10] 2015-09-17_teamwork.log.INFO: Inicio flujo de CategoryProject ["MainCategoryProject.php::31"] []
[2015-09-17 12:31:42] 2015-09-17_teamwork.log.INFO: Sin recursos encontrados ["MainCategoryProject.php::57"] []
[2015-09-17 12:35:19] 2015-09-17_teamwork.log.INFO: Inicio flujo de CategoryProject ["MainCategoryProject.php::31"] []
[2015-09-17 12:35:23] 2015-09-17_teamwork.log.INFO: Respuesta de api exitosa ["MainCategoryProject.php::36"] []
[2015-09-17 12:35:23] 2015-09-17_teamwork.log.INFO: Array (     [0] => Demo Teamwork     [1] => 10015     [2] => ProjectCategory     [3] => null )  ["MainCategoryProject.php::48"] []
[2015-09-17 13:04:38] 2015-09-17_teamwork.log.INFO: Inicio flujo de Expenses ["MainExpense.php::31"] []
[2015-09-17 13:16:06] 2015-09-17_teamwork.log.INFO: Inicio flujo de Milestone ["MainMilestone.php::31"] []
[2015-09-17 13:17:09] 2015-09-17_teamwork.log.INFO: Inicio flujo de Milestone ["MainMilestone.php::31"] []
[2015-09-17 13:17:11] 2015-09-17_teamwork.log.INFO: Respuesta de api exitosa ["MainMilestone.php::36"] []
[2015-09-17 13:17:11] 2015-09-17_teamwork.log.INFO: Array (     [0] => null )  ["MainMilestone.php::47"] []
[2015-09-17 13:17:11] 2015-09-17_teamwork.log.INFO: Error de BD ["MainMilestone.php::59"] []
[2015-09-17 13:17:11] 2015-09-17_teamwork.log.INFO: SQLSTATE[42S02]: Base table or view not found: 1146 Table 'teamwork.milestone' doesn't exist ["MainMilestone.php::60"] []
[2015-09-17 13:17:33] 2015-09-17_teamwork.log.INFO: Inicio flujo de Milestone ["MainMilestone.php::31"] []
[2015-09-17 13:17:40] 2015-09-17_teamwork.log.INFO: Respuesta de api exitosa ["MainMilestone.php::36"] []
[2015-09-17 13:17:40] 2015-09-17_teamwork.log.INFO: Array (     [0] => null )  ["MainMilestone.php::47"] []
[2015-09-17 13:17:40] 2015-09-17_teamwork.log.INFO: Error de BD ["MainMilestone.php::59"] []
[2015-09-17 13:17:40] 2015-09-17_teamwork.log.INFO: SQLSTATE[42S02]: Base table or view not found: 1146 Table 'teamwork.milestone' doesn't exist ["MainMilestone.php::60"] []
[2015-09-17 13:18:11] 2015-09-17_teamwork.log.INFO: Inicio flujo de Milestone ["MainMilestone.php::31"] []
[2015-09-17 13:18:12] 2015-09-17_teamwork.log.INFO: Respuesta de api exitosa ["MainMilestone.php::36"] []
[2015-09-17 13:18:12] 2015-09-17_teamwork.log.INFO: Array (     [0] => 120376 )  ["MainMilestone.php::47"] []
[2015-09-17 13:18:12] 2015-09-17_teamwork.log.INFO: Error de BD ["MainMilestone.php::59"] []
[2015-09-17 13:18:12] 2015-09-17_teamwork.log.INFO: SQLSTATE[42S02]: Base table or view not found: 1146 Table 'teamwork.milestone' doesn't exist ["MainMilestone.php::60"] []
[2015-09-17 13:19:56] 2015-09-17_teamwork.log.INFO: Inicio flujo de Milestone ["MainMilestone.php::31"] []
[2015-09-17 13:19:59] 2015-09-17_teamwork.log.INFO: Respuesta de api exitosa ["MainMilestone.php::36"] []
[2015-09-17 13:19:59] 2015-09-17_teamwork.log.INFO: Array (     [0] => 120376 )  ["MainMilestone.php::48"] []
[2015-09-17 13:19:59] 2015-09-17_teamwork.log.ERROR: PDOException ["MainMilestone.php::60"] []
[2015-09-17 13:19:59] 2015-09-17_teamwork.log.ERROR: SQLSTATE[42S02]: Base table or view not found: 1146 Table 'teamwork.milestone' doesn't exist ["MainMilestone.php::61"] []
[2015-09-17 13:21:15] 2015-09-17_teamwork.log.INFO: Inicio flujo de Milestone ["MainMilestone.php::31"] []
[2015-09-17 13:29:39] 2015-09-17_teamwork.log.INFO: Inicio flujo de Milestone ["MainMilestone.php::31"] []
[2015-09-17 13:29:57] 2015-09-17_teamwork.log.INFO: Inicio flujo de Milestone ["MainMilestone.php::31"] []
[2015-09-17 13:30:03] 2015-09-17_teamwork.log.INFO: Respuesta de api exitosa ["MainMilestone.php::36"] []
[2015-09-17 13:30:03] 2015-09-17_teamwork.log.INFO: Array (     [0] => 120376     [1] => 1     [2] => 98620     [3] => completed     [4] => 2015-07-23T21:17:34Z     [5] => Person     [6] => 142237     [7] => 2015-08-19T23:23:11Z     [8] => null     [9] => 98620,88830,98579,87542     [10] => 42951     [11] => 87542     [12] => 20150723     [13] => Selección de Nuevo Implementador )  ["MainMilestone.php::48"] []
[2015-09-17 13:30:03] 2015-09-17_teamwork.log.ERROR: PDOException ["MainMilestone.php::60"] []
[2015-09-17 13:30:03] 2015-09-17_teamwork.log.ERROR: SQLSTATE[42S02]: Base table or view not found: 1146 Table 'teamwork.milestone' doesn't exist ["MainMilestone.php::61"] []
[2015-09-17 13:45:06] 2015-09-17_teamwork.log.INFO: Inicio flujo de People ["MainPeople.php::31"] []
[2015-09-17 13:45:12] 2015-09-17_teamwork.log.INFO: Respuesta de api exitosa ["MainPeople.php::36"] []
[2015-09-17 13:45:12] 2015-09-17_teamwork.log.INFO: Array (     [0] => Espinal Santos     [1] => abraham.espinal@masnegocio.com     [2] => null     [3] => abraham.espinal@masnegocio.com     [4] => 98614     [5] => 2015-07-02T17:03:32Z     [6] => Abraham     [7] => account     [8] => 2015-06-18T23:04:53Z     [9] => 42951     [10] => ADMINISTRADOR DE INFRAESTRUCTURA INTERMEDIO )  ["MainPeople.php::47"] []
[2015-09-17 13:45:12] 2015-09-17_teamwork.log.ERROR: PDOException ["MainPeople.php::59"] []
[2015-09-17 13:45:12] 2015-09-17_teamwork.log.ERROR: SQLSTATE[42S02]: Base table or view not found: 1146 Table 'teamwork.people' doesn't exist ["MainPeople.php::60"] []
[2015-09-17 13:45:16] 2015-09-17_teamwork.log.INFO: Inicio flujo de People ["MainPeople.php::31"] []
[2015-09-17 13:45:19] 2015-09-17_teamwork.log.INFO: Respuesta de api exitosa ["MainPeople.php::36"] []
[2015-09-17 13:45:19] 2015-09-17_teamwork.log.INFO: Array (     [0] => Espinal Santos     [1] => abraham.espinal@masnegocio.com     [2] => null     [3] => abraham.espinal@masnegocio.com     [4] => 98614     [5] => 2015-07-02T17:03:32Z     [6] => Abraham     [7] => account     [8] => 2015-06-18T23:04:53Z     [9] => 42951     [10] => ADMINISTRADOR DE INFRAESTRUCTURA INTERMEDIO )  ["MainPeople.php::47"] []
[2015-09-17 13:45:19] 2015-09-17_teamwork.log.ERROR: PDOException ["MainPeople.php::59"] []
[2015-09-17 13:45:19] 2015-09-17_teamwork.log.ERROR: SQLSTATE[42S02]: Base table or view not found: 1146 Table 'teamwork.people' doesn't exist ["MainPeople.php::60"] []
[2015-09-17 14:20:24] 2015-09-17_teamwork.log.INFO: Inicio flujo de Project ["MainProject.php::31"] []
[2015-09-17 14:20:27] 2015-09-17_teamwork.log.INFO: Respuesta de api exitosa ["MainProject.php::36"] []
[2015-09-17 14:20:27] 2015-09-17_teamwork.log.INFO: Array (     [0] => ALazos     [1] => null     [2] => active     [3] => 2015-07-17T22:53:27Z     [4] => projectoverview     [5] => 2015-09-10T19:46:38Z     [6] => 132307     [7] => null     [8] => ArrayObject Object         (             [storage:ArrayObject:private] => Array                 (                     [name] => MASNEGOCIO.COM S.A.P.I  DE C.V.                     [isOwner] => 1                     [id] => 42951                 )          )  )  ["MainProject.php::48"] []
[2015-09-17 14:20:27] 2015-09-17_teamwork.log.ERROR: PDOException ["MainProject.php::60"] []
[2015-09-17 14:20:27] 2015-09-17_teamwork.log.ERROR: SQLSTATE[42S02]: Base table or view not found: 1146 Table 'teamwork.project' doesn't exist ["MainProject.php::61"] []
[2015-09-17 14:20:50] 2015-09-17_teamwork.log.INFO: Inicio flujo de Project ["MainProject.php::31"] []
[2015-09-17 14:20:51] 2015-09-17_teamwork.log.INFO: Respuesta de api exitosa ["MainProject.php::36"] []
[2015-09-17 14:20:51] 2015-09-17_teamwork.log.INFO: Array (     [0] => ALazos     [1] => null     [2] => active     [3] => 2015-07-17T22:53:27Z     [4] => projectoverview     [5] => 2015-09-10T19:46:38Z     [6] => 132307     [7] => null     [8] => ArrayObject Object         (             [storage:ArrayObject:private] => Array                 (                     [name] => MASNEGOCIO.COM S.A.P.I  DE C.V.                     [isOwner] => 1                     [id] => 42951                 )          )  )  ["MainProject.php::48"] []
[2015-09-17 14:20:51] 2015-09-17_teamwork.log.ERROR: PDOException ["MainProject.php::60"] []
[2015-09-17 14:20:51] 2015-09-17_teamwork.log.ERROR: SQLSTATE[42S02]: Base table or view not found: 1146 Table 'teamwork.project' doesn't exist ["MainProject.php::61"] []
[2015-09-17 14:22:22] 2015-09-17_teamwork.log.INFO: Inicio flujo de Project ["MainProject.php::31"] []
[2015-09-17 14:22:23] 2015-09-17_teamwork.log.INFO: Respuesta de api exitosa ["MainProject.php::36"] []
[2015-09-17 14:25:15] 2015-09-17_teamwork.log.INFO: Inicio flujo de Project ["MainProject.php::31"] []
[2015-09-17 14:26:30] 2015-09-17_teamwork.log.INFO: Inicio flujo de Project ["MainProject.php::31"] []
[2015-09-17 14:26:32] 2015-09-17_teamwork.log.INFO: Respuesta de api exitosa ["MainProject.php::36"] []
[2015-09-17 14:29:05] 2015-09-17_teamwork.log.INFO: Inicio flujo de Project ["MainProject.php::31"] []
[2015-09-17 14:29:06] 2015-09-17_teamwork.log.INFO: Respuesta de api exitosa ["MainProject.php::36"] []
[2015-09-17 14:29:24] 2015-09-17_teamwork.log.INFO: Inicio flujo de Project ["MainProject.php::31"] []
[2015-09-17 14:29:25] 2015-09-17_teamwork.log.INFO: Respuesta de api exitosa ["MainProject.php::36"] []
[2015-09-17 14:30:01] 2015-09-17_teamwork.log.INFO: Inicio flujo de Project ["MainProject.php::31"] []
[2015-09-17 14:30:03] 2015-09-17_teamwork.log.INFO: Respuesta de api exitosa ["MainProject.php::36"] []
[2015-09-17 14:30:18] 2015-09-17_teamwork.log.INFO: Inicio flujo de Project ["MainProject.php::31"] []
[2015-09-17 14:30:20] 2015-09-17_teamwork.log.INFO: Respuesta de api exitosa ["MainProject.php::36"] []
[2015-09-17 14:31:02] 2015-09-17_teamwork.log.INFO: Inicio flujo de Project ["MainProject.php::31"] []
[2015-09-17 14:31:04] 2015-09-17_teamwork.log.INFO: Respuesta de api exitosa ["MainProject.php::36"] []
[2015-09-17 16:30:22] 2015-09-17_teamwork.log.INFO: Inicio flujo de Project ["MainProject.php::31"] []
[2015-09-17 16:30:24] 2015-09-17_teamwork.log.INFO: Respuesta de api exitosa ["MainProject.php::36"] []
[2015-09-17 16:35:32] 2015-09-17_teamwork.log.INFO: Inicio flujo de Project ["MainProject.php::31"] []
[2015-09-17 16:35:35] 2015-09-17_teamwork.log.INFO: Respuesta de api exitosa ["MainProject.php::36"] []
[2015-09-17 16:35:35] 2015-09-17_teamwork.log.INFO: Array (     [0] => ALazos     [1] => null     [2] => active     [3] => 2015-07-17T22:53:27Z     [4] => projectoverview     [5] => 2015-09-10T19:46:38Z     [6] => 132307     [7] => null     [8] => ArrayObject Object         (             [storage:ArrayObject:private] => Array                 (                     [name] => MASNEGOCIO.COM S.A.P.I  DE C.V.                     [isOwner] => 1                     [id] => 42951                 )          )  )  ["MainProject.php::50"] []
[2015-09-17 16:35:35] 2015-09-17_teamwork.log.ERROR: PDOException ["MainProject.php::62"] []
[2015-09-17 16:35:35] 2015-09-17_teamwork.log.ERROR: SQLSTATE[42000]: Syntax error or access violation: 1064 You have an error in your SQL syntax; check the manual that corresponds to your MySQL server version for the right syntax to use near '42951 ) VALUES ( ? , ? , ? , ? , ? , ? , ? , ? , ? , ? , ? )' at line 1 ["MainProject.php::63"] []
[2015-09-17 16:47:51] 2015-09-17_teamwork.log.INFO: Inicio flujo de Project ["MainProject.php::31"] []
[2015-09-17 16:47:53] 2015-09-17_teamwork.log.INFO: Respuesta de api exitosa ["MainProject.php::36"] []
[2015-09-17 16:47:53] 2015-09-17_teamwork.log.INFO: Array (     [0] => ALazos     [1] => null     [2] => active     [3] => 2015-07-17T22:53:27Z     [4] => projectoverview     [5] => 2015-09-10T19:46:38Z     [6] => 132307     [7] => null     [8] => 42951 )  ["MainProject.php::50"] []
[2015-09-17 16:47:53] 2015-09-17_teamwork.log.ERROR: PDOException ["MainProject.php::62"] []
[2015-09-17 16:47:53] 2015-09-17_teamwork.log.ERROR: SQLSTATE[42S02]: Base table or view not found: 1146 Table 'teamwork.project' doesn't exist ["MainProject.php::63"] []
[2015-09-17 17:33:07] 2015-09-17_teamwork.log.INFO: Inicio flujo de Tag ["MainTag.php::31"] []
[2015-09-17 17:34:01] 2015-09-17_teamwork.log.INFO: Inicio flujo de CategoryProject ["MainTask.php::31"] []
[2015-09-17 17:34:06] 2015-09-17_teamwork.log.INFO: Sin recursos encontrados ["MainTask.php::56"] []
[2015-09-17 17:34:53] 2015-09-17_teamwork.log.INFO: Inicio flujo de CategoryProject ["MainTask.php::31"] []
[2015-09-17 17:34:54] 2015-09-17_teamwork.log.INFO: Sin recursos encontrados ["MainTask.php::56"] []
[2015-09-17 17:35:46] 2015-09-17_teamwork.log.INFO: Inicio flujo de CategoryProject ["MainTask.php::31"] []
[2015-09-17 17:35:47] 2015-09-17_teamwork.log.INFO: Sin recursos encontrados ["MainTask.php::56"] []
