[2015-09-16 09:56:58] 2015-09-16_teamwork.log.WARNING: Iniicio [] []
[2015-09-16 09:58:28] 2015-09-16_teamwork.log.WARNING: Iniicio [42] []
[2015-09-16 09:59:31] 2015-09-16_teamwork.log.WARNING: Iniicio [42,"/var/www/html/api.teamwork/app/resource/MainCompania.php"] []
[2015-09-16 10:00:07] 2015-09-16_teamwork.log.WARNING: Iniicio [42] []
[2015-09-16 10:01:39] 2015-09-16_teamwork.log.WARNING: Iniicio [[42],["/var/www/html/api.teamwork/app/resource/MainCompania.php"]] []
[2015-09-16 10:04:15] 2015-09-16_teamwork.log.WARNING: Iniicio ["MainCompania.php\n"] []
[2015-09-16 10:04:38] 2015-09-16_teamwork.log.WARNING: Iniicio ["MainCompania.php"] []
[2015-09-16 10:05:12] 2015-09-16_teamwork.log.WARNING: Iniicio ["MainCompania.php::42"] []
[2015-09-16 10:08:52] 2015-09-16_teamwork.log.WARNING: Iniicio ["MainCompania.php::42"] %extra%
[2015-09-16 15:05:46] 2015-09-16_teamwork.log.WARNING: PWD MainCompania.php::40 [] []
[2015-09-16 15:05:46] 2015-09-16_teamwork.log.WARNING: Iniicio ["MainCompania.php::43"] []
[2015-09-16 15:06:23] 2015-09-16_teamwork.log.WARNING: PWD MainCompania.php [] []
[2015-09-16 15:06:23] 2015-09-16_teamwork.log.WARNING: Iniicio ["MainCompania.php::43"] []
[2015-09-16 15:06:47] 2015-09-16_teamwork.log.WARNING: PWD /var/www/html/api.teamwork/app [] []
[2015-09-16 15:06:47] 2015-09-16_teamwork.log.WARNING: Iniicio ["MainCompania.php::43"] []
[2015-09-16 15:07:02] 2015-09-16_teamwork.log.WARNING: PWD /var/www/html/api.teamwork [] []
[2015-09-16 15:07:02] 2015-09-16_teamwork.log.WARNING: Iniicio ["MainCompania.php::43"] []
[2015-09-16 15:08:45] 2015-09-16_teamwork.log.WARNING: Iniicio ["MainCompania.php::43"] []
[2015-09-16 15:20:05] 2015-09-16_teamwork.log.WARNING: Iniicio ["MainCompania.php::43"] []
[2015-09-16 15:20:17] 2015-09-16_teamwork.log.WARNING: Iniicio ["MainCompania.php::43"] []
[2015-09-16 15:21:59] 2015-09-16_teamwork.log.WARNING: Iniicio ["MainCompania.php::43"] []
[2015-09-16 15:22:23] 2015-09-16_teamwork.log.WARNING: Iniicio ["MainCompania.php::43"] []
[2015-09-16 15:23:58] 2015-09-16_teamwork.log.WARNING: Iniicio ["MainCompania.php::43"] []
[2015-09-16 15:26:14] 2015-09-16_teamwork.log.WARNING: Iniicio ["MainCompania.php::43"] []
[2015-09-16 15:26:29] 2015-09-16_teamwork.log.WARNING: Iniicio ["MainCompania.php::43"] []
[2015-09-16 15:27:13] 2015-09-16_teamwork.log.WARNING: Iniicio ["MainCompania.php::43"] []
[2015-09-16 15:27:53] 2015-09-16_teamwork.log.WARNING: Iniicio ["MainCompania.php::43"] []
[2015-09-16 15:33:47] 2015-09-16_teamwork.log.WARNING: Iniicio ["MainCompania.php::43"] []
[2015-09-16 15:34:43] 2015-09-16_teamwork.log.WARNING: Iniicio ["MainCompania.php::43"] []
[2015-09-16 15:36:34] 2015-09-16_teamwork.log.WARNING: Iniicio ["MainCompania.php::43"] []
[2015-09-16 15:36:54] 2015-09-16_teamwork.log.WARNING: Iniicio ["MainCompania.php::43"] []
[2015-09-16 15:58:06] 2015-09-16_teamwork.log.WARNING: Iniicio ["MainCompania.php::44"] []
[2015-09-16 16:19:40] 2015-09-16_teamwork.log.WARNING: Iniicio ["MainCompania.php::44"] []
[2015-09-16 16:20:33] 2015-09-16_teamwork.log.WARNING: Iniicio ["MainCompania.php::44"] []
[2015-09-16 16:22:39] 2015-09-16_teamwork.log.WARNING: Iniicio ["MainCompania.php::44"] []
[2015-09-16 16:23:53] 2015-09-16_teamwork.log.WARNING: Iniicio ["MainCompania.php::44"] []
[2015-09-16 16:24:10] 2015-09-16_teamwork.log.WARNING: Iniicio ["MainCompania.php::44"] []
[2015-09-16 16:24:57] 2015-09-16_teamwork.log.WARNING: Iniicio ["MainCompania.php::44"] []
[2015-09-16 16:26:20] 2015-09-16_teamwork.log.WARNING: Iniicio ["MainCompania.php::44"] []
[2015-09-16 16:27:26] 2015-09-16_teamwork.log.WARNING: Iniicio ["MainCompania.php::44"] []
[2015-09-16 19:41:13] 2015-09-16_teamwork.log.WARNING: Iniicio ["MainCompania.php::44"] []
[2015-09-16 19:41:26] 2015-09-16_teamwork.log.WARNING: Iniicio ["MainCompania.php::44"] []
[2015-09-16 19:55:35] 2015-09-16_teamwork.log.WARNING: Iniicio ["MainCompania.php::44"] []
[2015-09-16 19:55:55] 2015-09-16_teamwork.log.WARNING: Iniicio ["MainCompania.php::44"] []
[2015-09-16 20:07:37] 2015-09-16_teamwork.log.WARNING: Iniicio ["MainCompania.php::44"] []
[2015-09-16 20:12:45] 2015-09-16_teamwork.log.WARNING: Iniicio ["MainCompania.php::44"] []
[2015-09-16 20:22:55] 2015-09-16_teamwork.log.INFO: Inicio flujo de comanias ["MainCompania.php::31"] []
[2015-09-16 20:22:56] 2015-09-16_teamwork.log.INFO: Respuesta de api exitosa ["MainCompania.php::36"] []
[2015-09-16 20:22:56] 2015-09-16_teamwork.log.INFO: Array ["MainCompania.php::47"] []
[2015-09-16 20:26:18] 2015-09-16_teamwork.log.INFO: Inicio flujo de comanias ["MainCompania.php::31"] []
[2015-09-16 20:26:19] 2015-09-16_teamwork.log.INFO: Respuesta de api exitosa ["MainCompania.php::36"] []
[2015-09-16 20:26:19] 2015-09-16_teamwork.log.INFO: 1 ["MainCompania.php::47"] []
[2015-09-16 20:26:28] 2015-09-16_teamwork.log.INFO: Inicio flujo de comanias ["MainCompania.php::31"] []
[2015-09-16 20:26:29] 2015-09-16_teamwork.log.INFO: Respuesta de api exitosa ["MainCompania.php::36"] []
[2015-09-16 20:26:29] 2015-09-16_teamwork.log.INFO: Array (     [0] => Personal     [1] => University     [2] => null     [3] => Mexico     [4] => MX     [5] => null     [6] => 54604 )  ["MainCompania.php::47"] []
[2015-09-16 20:48:49] 2015-09-16_teamwork.log.INFO: Inicio flujo de CategoryProject ["MainCategoryProject.php::31"] []
[2015-09-16 20:49:09] 2015-09-16_teamwork.log.INFO: Inicio flujo de CategoryProject ["MainCategoryProject.php::31"] []
[2015-09-16 20:49:10] 2015-09-16_teamwork.log.INFO: Sin recursos encontrados ["MainCategoryProject.php::56"] []
[2015-09-16 20:51:24] 2015-09-16_teamwork.log.INFO: Inicio flujo de CategoryProject ["MainCategoryProject.php::31"] []
[2015-09-16 20:51:25] 2015-09-16_teamwork.log.INFO: Respuesta de api exitosa ["MainCategoryProject.php::36"] []
[2015-09-16 20:51:25] 2015-09-16_teamwork.log.INFO: Array (     [0] => Demo Teamwork     [1] => 10015     [2] => ProjectCategory     [3] => null )  ["MainCategoryProject.php::47"] []
[2015-09-16 20:57:43] 2015-09-16_teamwork.log.INFO: Inicio flujo de CategoryProject ["MainCategoryProject.php::31"] []
[2015-09-16 20:57:44] 2015-09-16_teamwork.log.INFO: Respuesta de api exitosa ["MainCategoryProject.php::36"] []
[2015-09-16 20:57:44] 2015-09-16_teamwork.log.INFO: Array (     [0] => Demo Teamwork     [1] => 10015     [2] => ProjectCategory     [3] => null )  ["MainCategoryProject.php::47"] []
[2015-09-16 21:00:42] 2015-09-16_teamwork.log.INFO: Inicio flujo de CategoryProject ["MainCategoryProject.php::31"] []
[2015-09-16 21:00:44] 2015-09-16_teamwork.log.INFO: Respuesta de api exitosa ["MainCategoryProject.php::36"] []
[2015-09-16 21:00:44] 2015-09-16_teamwork.log.INFO: Array (     [0] => Demo Teamwork     [1] => 10015     [2] => ProjectCategory     [3] => null )  ["MainCategoryProject.php::47"] []
[2015-09-16 21:02:43] 2015-09-16_teamwork.log.INFO: Inicio flujo de CategoryProject ["MainCategoryProject.php::31"] []
[2015-09-16 21:02:44] 2015-09-16_teamwork.log.INFO: Respuesta de api exitosa ["MainCategoryProject.php::36"] []
[2015-09-16 21:02:44] 2015-09-16_teamwork.log.INFO: Array (     [0] => Demo Teamwork     [1] => 10015     [2] => ProjectCategory     [3] => null )  ["MainCategoryProject.php::47"] []
[2015-09-16 21:02:45] 2015-09-16_teamwork.log.INFO: Array (     [0] => Interno     [1] => 8352     [2] => ProjectCategory     [3] => null )  ["MainCategoryProject.php::47"] []
[2015-09-16 21:02:56] 2015-09-16_teamwork.log.INFO: Inicio flujo de CategoryProject ["MainCategoryProject.php::31"] []
[2015-09-16 21:02:57] 2015-09-16_teamwork.log.INFO: Respuesta de api exitosa ["MainCategoryProject.php::36"] []
[2015-09-16 21:02:57] 2015-09-16_teamwork.log.INFO: Array (     [0] => Demo Teamwork     [1] => 10015     [2] => ProjectCategory     [3] => null )  ["MainCategoryProject.php::47"] []
[2015-09-16 21:02:57] 2015-09-16_teamwork.log.INFO: Array (     [0] => Interno     [1] => 8352     [2] => ProjectCategory     [3] => null )  ["MainCategoryProject.php::47"] []
[2015-09-16 21:03:51] 2015-09-16_teamwork.log.INFO: Inicio flujo de CategoryProject ["MainCategoryProject.php::31"] []
[2015-09-16 21:03:52] 2015-09-16_teamwork.log.INFO: Respuesta de api exitosa ["MainCategoryProject.php::36"] []
[2015-09-16 21:03:52] 2015-09-16_teamwork.log.INFO: Array (     [0] => Demo Teamwork     [1] => 10015     [2] => ProjectCategory     [3] => null )  ["MainCategoryProject.php::47"] []
[2015-09-16 21:03:52] 2015-09-16_teamwork.log.INFO: Array (     [0] => Interno     [1] => 8352     [2] => ProjectCategory     [3] => null )  ["MainCategoryProject.php::47"] []
[2015-09-16 21:04:32] 2015-09-16_teamwork.log.INFO: Inicio flujo de CategoryProject ["MainCategoryProject.php::31"] []
[2015-09-16 21:04:33] 2015-09-16_teamwork.log.INFO: Respuesta de api exitosa ["MainCategoryProject.php::36"] []
[2015-09-16 21:04:33] 2015-09-16_teamwork.log.INFO: Array (     [0] => Demo Teamwork     [1] => 10015     [2] => ProjectCategory     [3] => null )  ["MainCategoryProject.php::48"] []
[2015-09-16 21:04:33] 2015-09-16_teamwork.log.INFO: Array (     [0] => Interno     [1] => 8352     [2] => ProjectCategory     [3] => null )  ["MainCategoryProject.php::48"] []
[2015-09-16 21:04:33] 2015-09-16_teamwork.log.INFO: Array (     [0] => Operativa     [1] => 7939     [2] => ProjectCategory     [3] => null )  ["MainCategoryProject.php::48"] []
[2015-09-16 21:05:02] 2015-09-16_teamwork.log.INFO: Inicio flujo de CategoryProject ["MainCategoryProject.php::31"] []
[2015-09-16 21:05:03] 2015-09-16_teamwork.log.INFO: Respuesta de api exitosa ["MainCategoryProject.php::36"] []
[2015-09-16 21:05:03] 2015-09-16_teamwork.log.INFO: Array (     [0] => Demo Teamwork     [1] => 10015     [2] => ProjectCategory     [3] => null )  ["MainCategoryProject.php::48"] []
[2015-09-16 21:05:03] 2015-09-16_teamwork.log.INFO: Array (     [0] => Interno     [1] => 8352     [2] => ProjectCategory     [3] => null )  ["MainCategoryProject.php::48"] []
[2015-09-16 21:05:03] 2015-09-16_teamwork.log.INFO: Array (     [0] => Operativa     [1] => 7939     [2] => ProjectCategory     [3] => null )  ["MainCategoryProject.php::48"] []
